  ParticlePhysics.cpp
C:\Users\ishan\source\repos\FluidSim2D\FluidSim2D\ParticlePhysics.cpp(24,48): warning C4244: '=': conversion from 'float' to 'int', possible loss of data
C:\Users\ishan\source\repos\FluidSim2D\FluidSim2D\ParticlePhysics.cpp(25,49): warning C4244: '=': conversion from 'float' to 'int', possible loss of data
C:\Users\ishan\source\repos\FluidSim2D\FluidSim2D\ParticlePhysics.cpp(41,74): warning C4244: 'argument': conversion from 'int' to 'T', possible loss of data
C:\Users\ishan\source\repos\FluidSim2D\FluidSim2D\ParticlePhysics.cpp(41,74): warning C4244:         with
C:\Users\ishan\source\repos\FluidSim2D\FluidSim2D\ParticlePhysics.cpp(41,74): warning C4244:         [
C:\Users\ishan\source\repos\FluidSim2D\FluidSim2D\ParticlePhysics.cpp(41,74): warning C4244:             T=float
C:\Users\ishan\source\repos\FluidSim2D\FluidSim2D\ParticlePhysics.cpp(41,74): warning C4244:         ]
C:\Users\ishan\source\repos\FluidSim2D\FluidSim2D\ParticlePhysics.cpp(41,71): warning C4244: 'argument': conversion from 'int' to 'T', possible loss of data
C:\Users\ishan\source\repos\FluidSim2D\FluidSim2D\ParticlePhysics.cpp(41,71): warning C4244:         with
C:\Users\ishan\source\repos\FluidSim2D\FluidSim2D\ParticlePhysics.cpp(41,71): warning C4244:         [
C:\Users\ishan\source\repos\FluidSim2D\FluidSim2D\ParticlePhysics.cpp(41,71): warning C4244:             T=float
C:\Users\ishan\source\repos\FluidSim2D\FluidSim2D\ParticlePhysics.cpp(41,71): warning C4244:         ]
C:\Users\ishan\source\repos\FluidSim2D\FluidSim2D\ParticlePhysics.cpp(90,17): warning C4244: 'initializing': conversion from 'int' to 'float', possible loss of data
C:\Users\ishan\source\repos\FluidSim2D\FluidSim2D\ParticlePhysics.cpp(91,46): warning C4244: 'argument': conversion from 'int' to 'T', possible loss of data
C:\Users\ishan\source\repos\FluidSim2D\FluidSim2D\ParticlePhysics.cpp(91,46): warning C4244:         with
C:\Users\ishan\source\repos\FluidSim2D\FluidSim2D\ParticlePhysics.cpp(91,46): warning C4244:         [
C:\Users\ishan\source\repos\FluidSim2D\FluidSim2D\ParticlePhysics.cpp(91,46): warning C4244:             T=float
C:\Users\ishan\source\repos\FluidSim2D\FluidSim2D\ParticlePhysics.cpp(91,46): warning C4244:         ]
C:\Users\ishan\source\repos\FluidSim2D\FluidSim2D\ParticlePhysics.cpp(193,56): warning C4244: 'argument': conversion from 'T' to 'const unsigned __int64', possible loss of data
C:\Users\ishan\source\repos\FluidSim2D\FluidSim2D\ParticlePhysics.cpp(193,56): warning C4244:         with
C:\Users\ishan\source\repos\FluidSim2D\FluidSim2D\ParticlePhysics.cpp(193,56): warning C4244:         [
C:\Users\ishan\source\repos\FluidSim2D\FluidSim2D\ParticlePhysics.cpp(193,56): warning C4244:             T=float
C:\Users\ishan\source\repos\FluidSim2D\FluidSim2D\ParticlePhysics.cpp(193,56): warning C4244:         ]
C:\Users\ishan\source\repos\FluidSim2D\FluidSim2D\ParticlePhysics.cpp(193,67): warning C4244: 'argument': conversion from 'T' to 'const unsigned __int64', possible loss of data
C:\Users\ishan\source\repos\FluidSim2D\FluidSim2D\ParticlePhysics.cpp(193,67): warning C4244:         with
C:\Users\ishan\source\repos\FluidSim2D\FluidSim2D\ParticlePhysics.cpp(193,67): warning C4244:         [
C:\Users\ishan\source\repos\FluidSim2D\FluidSim2D\ParticlePhysics.cpp(193,67): warning C4244:             T=float
C:\Users\ishan\source\repos\FluidSim2D\FluidSim2D\ParticlePhysics.cpp(193,67): warning C4244:         ]
C:\Users\ishan\source\repos\FluidSim2D\FluidSim2D\ParticlePhysics.cpp(196,60): warning C4244: 'argument': conversion from 'T' to 'int', possible loss of data
C:\Users\ishan\source\repos\FluidSim2D\FluidSim2D\ParticlePhysics.cpp(196,60): warning C4244:         with
C:\Users\ishan\source\repos\FluidSim2D\FluidSim2D\ParticlePhysics.cpp(196,60): warning C4244:         [
C:\Users\ishan\source\repos\FluidSim2D\FluidSim2D\ParticlePhysics.cpp(196,60): warning C4244:             T=float
C:\Users\ishan\source\repos\FluidSim2D\FluidSim2D\ParticlePhysics.cpp(196,60): warning C4244:         ]
C:\Users\ishan\source\repos\FluidSim2D\FluidSim2D\ParticlePhysics.cpp(196,38): warning C4244: 'argument': conversion from 'T' to 'int', possible loss of data
C:\Users\ishan\source\repos\FluidSim2D\FluidSim2D\ParticlePhysics.cpp(196,38): warning C4244:         with
C:\Users\ishan\source\repos\FluidSim2D\FluidSim2D\ParticlePhysics.cpp(196,38): warning C4244:         [
C:\Users\ishan\source\repos\FluidSim2D\FluidSim2D\ParticlePhysics.cpp(196,38): warning C4244:             T=float
C:\Users\ishan\source\repos\FluidSim2D\FluidSim2D\ParticlePhysics.cpp(196,38): warning C4244:         ]
C:\Users\ishan\source\repos\FluidSim2D\FluidSim2D\ParticlePhysics.cpp(214,56): warning C4244: 'argument': conversion from 'T' to 'const unsigned __int64', possible loss of data
C:\Users\ishan\source\repos\FluidSim2D\FluidSim2D\ParticlePhysics.cpp(214,56): warning C4244:         with
C:\Users\ishan\source\repos\FluidSim2D\FluidSim2D\ParticlePhysics.cpp(214,56): warning C4244:         [
C:\Users\ishan\source\repos\FluidSim2D\FluidSim2D\ParticlePhysics.cpp(214,56): warning C4244:             T=float
C:\Users\ishan\source\repos\FluidSim2D\FluidSim2D\ParticlePhysics.cpp(214,56): warning C4244:         ]
C:\Users\ishan\source\repos\FluidSim2D\FluidSim2D\ParticlePhysics.cpp(214,67): warning C4244: 'argument': conversion from 'T' to 'const unsigned __int64', possible loss of data
C:\Users\ishan\source\repos\FluidSim2D\FluidSim2D\ParticlePhysics.cpp(214,67): warning C4244:         with
C:\Users\ishan\source\repos\FluidSim2D\FluidSim2D\ParticlePhysics.cpp(214,67): warning C4244:         [
C:\Users\ishan\source\repos\FluidSim2D\FluidSim2D\ParticlePhysics.cpp(214,67): warning C4244:             T=float
C:\Users\ishan\source\repos\FluidSim2D\FluidSim2D\ParticlePhysics.cpp(214,67): warning C4244:         ]
C:\Users\ishan\source\repos\FluidSim2D\FluidSim2D\ParticlePhysics.cpp(217,60): warning C4244: 'argument': conversion from 'T' to 'int', possible loss of data
C:\Users\ishan\source\repos\FluidSim2D\FluidSim2D\ParticlePhysics.cpp(217,60): warning C4244:         with
C:\Users\ishan\source\repos\FluidSim2D\FluidSim2D\ParticlePhysics.cpp(217,60): warning C4244:         [
C:\Users\ishan\source\repos\FluidSim2D\FluidSim2D\ParticlePhysics.cpp(217,60): warning C4244:             T=float
C:\Users\ishan\source\repos\FluidSim2D\FluidSim2D\ParticlePhysics.cpp(217,60): warning C4244:         ]
C:\Users\ishan\source\repos\FluidSim2D\FluidSim2D\ParticlePhysics.cpp(217,38): warning C4244: 'argument': conversion from 'T' to 'int', possible loss of data
C:\Users\ishan\source\repos\FluidSim2D\FluidSim2D\ParticlePhysics.cpp(217,38): warning C4244:         with
C:\Users\ishan\source\repos\FluidSim2D\FluidSim2D\ParticlePhysics.cpp(217,38): warning C4244:         [
C:\Users\ishan\source\repos\FluidSim2D\FluidSim2D\ParticlePhysics.cpp(217,38): warning C4244:             T=float
C:\Users\ishan\source\repos\FluidSim2D\FluidSim2D\ParticlePhysics.cpp(217,38): warning C4244:         ]
C:\Users\ishan\source\repos\FluidSim2D\FluidSim2D\ParticlePhysics.cpp(251,40): warning C4244: '=': conversion from 'double' to 'float', possible loss of data
C:\Users\ishan\source\repos\FluidSim2D\FluidSim2D\ParticlePhysics.cpp(252,50): warning C4244: '=': conversion from 'double' to 'float', possible loss of data
C:\Users\ishan\source\repos\FluidSim2D\FluidSim2D\ParticlePhysics.cpp(257,44): warning C4244: 'argument': conversion from '__int64' to 'int', possible loss of data
C:\Users\ishan\source\repos\FluidSim2D\FluidSim2D\ParticlePhysics.cpp(257,40): warning C4244: '=': conversion from 'double' to 'float', possible loss of data
C:\Users\ishan\source\repos\FluidSim2D\FluidSim2D\ParticlePhysics.cpp(258,50): warning C4244: '=': conversion from 'double' to 'float', possible loss of data
C:\Users\ishan\source\repos\FluidSim2D\FluidSim2D\ParticlePhysics.cpp(280,19): warning C4244: 'initializing': conversion from '__int64' to 'int', possible loss of data
C:\Users\ishan\source\repos\FluidSim2D\FluidSim2D\ParticlePhysics.cpp(301,45): warning C4244: 'argument': conversion from 'int' to 'T', possible loss of data
C:\Users\ishan\source\repos\FluidSim2D\FluidSim2D\ParticlePhysics.cpp(301,45): warning C4244:         with
C:\Users\ishan\source\repos\FluidSim2D\FluidSim2D\ParticlePhysics.cpp(301,45): warning C4244:         [
C:\Users\ishan\source\repos\FluidSim2D\FluidSim2D\ParticlePhysics.cpp(301,45): warning C4244:             T=float
C:\Users\ishan\source\repos\FluidSim2D\FluidSim2D\ParticlePhysics.cpp(301,45): warning C4244:         ]
C:\Users\ishan\source\repos\FluidSim2D\FluidSim2D\ParticlePhysics.cpp(301,38): warning C4244: 'argument': conversion from 'int' to 'T', possible loss of data
C:\Users\ishan\source\repos\FluidSim2D\FluidSim2D\ParticlePhysics.cpp(301,38): warning C4244:         with
C:\Users\ishan\source\repos\FluidSim2D\FluidSim2D\ParticlePhysics.cpp(301,38): warning C4244:         [
C:\Users\ishan\source\repos\FluidSim2D\FluidSim2D\ParticlePhysics.cpp(301,38): warning C4244:             T=float
C:\Users\ishan\source\repos\FluidSim2D\FluidSim2D\ParticlePhysics.cpp(301,38): warning C4244:         ]
C:\Users\ishan\source\repos\FluidSim2D\FluidSim2D\ParticlePhysics.cpp(310,27): warning C4244: 'initializing': conversion from 'T' to 'int', possible loss of data
C:\Users\ishan\source\repos\FluidSim2D\FluidSim2D\ParticlePhysics.cpp(310,27): warning C4244:         with
C:\Users\ishan\source\repos\FluidSim2D\FluidSim2D\ParticlePhysics.cpp(310,27): warning C4244:         [
C:\Users\ishan\source\repos\FluidSim2D\FluidSim2D\ParticlePhysics.cpp(310,27): warning C4244:             T=float
C:\Users\ishan\source\repos\FluidSim2D\FluidSim2D\ParticlePhysics.cpp(310,27): warning C4244:         ]
C:\Users\ishan\source\repos\FluidSim2D\FluidSim2D\ParticlePhysics.cpp(311,27): warning C4244: 'initializing': conversion from 'T' to 'int', possible loss of data
C:\Users\ishan\source\repos\FluidSim2D\FluidSim2D\ParticlePhysics.cpp(311,27): warning C4244:         with
C:\Users\ishan\source\repos\FluidSim2D\FluidSim2D\ParticlePhysics.cpp(311,27): warning C4244:         [
C:\Users\ishan\source\repos\FluidSim2D\FluidSim2D\ParticlePhysics.cpp(311,27): warning C4244:             T=float
C:\Users\ishan\source\repos\FluidSim2D\FluidSim2D\ParticlePhysics.cpp(311,27): warning C4244:         ]
C:\Users\ishan\source\repos\FluidSim2D\FluidSim2D\ParticlePhysics.cpp(313,49): warning C4244: 'argument': conversion from 'int' to 'T', possible loss of data
C:\Users\ishan\source\repos\FluidSim2D\FluidSim2D\ParticlePhysics.cpp(313,49): warning C4244:         with
C:\Users\ishan\source\repos\FluidSim2D\FluidSim2D\ParticlePhysics.cpp(313,49): warning C4244:         [
C:\Users\ishan\source\repos\FluidSim2D\FluidSim2D\ParticlePhysics.cpp(313,49): warning C4244:             T=float
C:\Users\ishan\source\repos\FluidSim2D\FluidSim2D\ParticlePhysics.cpp(313,49): warning C4244:         ]
C:\Users\ishan\source\repos\FluidSim2D\FluidSim2D\ParticlePhysics.cpp(313,42): warning C4244: 'argument': conversion from 'int' to 'T', possible loss of data
C:\Users\ishan\source\repos\FluidSim2D\FluidSim2D\ParticlePhysics.cpp(313,42): warning C4244:         with
C:\Users\ishan\source\repos\FluidSim2D\FluidSim2D\ParticlePhysics.cpp(313,42): warning C4244:         [
C:\Users\ishan\source\repos\FluidSim2D\FluidSim2D\ParticlePhysics.cpp(313,42): warning C4244:             T=float
C:\Users\ishan\source\repos\FluidSim2D\FluidSim2D\ParticlePhysics.cpp(313,42): warning C4244:         ]
  Generating code
  1 of 628 functions ( 0.2%) were compiled, the rest were copied from previous compilation.
    0 functions were new in current compilation
    1 functions had inline decision re-evaluated but remain unchanged
  Finished generating code
  FluidSim2D.vcxproj -> C:\Users\ishan\source\repos\FluidSim2D\x64\Release\FluidSim2D.exe
