  ParticlePhysics.cpp
C:\Users\ishan\source\repos\FluidSim2D\FluidSim2D\ParticlePhysics.h(63,32): warning C4244: 'return': conversion from 'double' to 'float', possible loss of data
  (compiling source file 'ParticlePhysics.cpp')
  
C:\Users\ishan\source\repos\FluidSim2D\FluidSim2D\ParticlePhysics.h(84,11): warning C4244: 'initializing': conversion from 'int' to 'float', possible loss of data
  (compiling source file 'ParticlePhysics.cpp')
  
C:\Users\ishan\source\repos\FluidSim2D\FluidSim2D\ParticlePhysics.cpp(17,35): warning C4244: '=': conversion from 'double' to 'float', possible loss of data
C:\Users\ishan\source\repos\FluidSim2D\FluidSim2D\ParticlePhysics.cpp(18,46): warning C4244: '=': conversion from 'double' to 'float', possible loss of data
C:\Users\ishan\source\repos\FluidSim2D\FluidSim2D\ParticlePhysics.cpp(21,28): warning C4244: '=': conversion from 'float' to 'int', possible loss of data
C:\Users\ishan\source\repos\FluidSim2D\FluidSim2D\ParticlePhysics.cpp(22,29): warning C4244: '=': conversion from 'float' to 'int', possible loss of data
C:\Users\ishan\source\repos\FluidSim2D\FluidSim2D\ParticlePhysics.cpp(38,74): warning C4244: 'argument': conversion from 'int' to 'T', possible loss of data
C:\Users\ishan\source\repos\FluidSim2D\FluidSim2D\ParticlePhysics.cpp(38,74): warning C4244:         with
C:\Users\ishan\source\repos\FluidSim2D\FluidSim2D\ParticlePhysics.cpp(38,74): warning C4244:         [
C:\Users\ishan\source\repos\FluidSim2D\FluidSim2D\ParticlePhysics.cpp(38,74): warning C4244:             T=float
C:\Users\ishan\source\repos\FluidSim2D\FluidSim2D\ParticlePhysics.cpp(38,74): warning C4244:         ]
C:\Users\ishan\source\repos\FluidSim2D\FluidSim2D\ParticlePhysics.cpp(38,71): warning C4244: 'argument': conversion from 'int' to 'T', possible loss of data
C:\Users\ishan\source\repos\FluidSim2D\FluidSim2D\ParticlePhysics.cpp(38,71): warning C4244:         with
C:\Users\ishan\source\repos\FluidSim2D\FluidSim2D\ParticlePhysics.cpp(38,71): warning C4244:         [
C:\Users\ishan\source\repos\FluidSim2D\FluidSim2D\ParticlePhysics.cpp(38,71): warning C4244:             T=float
C:\Users\ishan\source\repos\FluidSim2D\FluidSim2D\ParticlePhysics.cpp(38,71): warning C4244:         ]
C:\Users\ishan\source\repos\FluidSim2D\FluidSim2D\ParticlePhysics.cpp(103,17): warning C4244: 'initializing': conversion from 'int' to 'float', possible loss of data
C:\Users\ishan\source\repos\FluidSim2D\FluidSim2D\ParticlePhysics.cpp(104,46): warning C4244: 'argument': conversion from 'int' to 'T', possible loss of data
C:\Users\ishan\source\repos\FluidSim2D\FluidSim2D\ParticlePhysics.cpp(104,46): warning C4244:         with
C:\Users\ishan\source\repos\FluidSim2D\FluidSim2D\ParticlePhysics.cpp(104,46): warning C4244:         [
C:\Users\ishan\source\repos\FluidSim2D\FluidSim2D\ParticlePhysics.cpp(104,46): warning C4244:             T=float
C:\Users\ishan\source\repos\FluidSim2D\FluidSim2D\ParticlePhysics.cpp(104,46): warning C4244:         ]
C:\Users\ishan\source\repos\FluidSim2D\FluidSim2D\ParticlePhysics.cpp(258,56): warning C4244: 'argument': conversion from 'T' to 'const unsigned __int64', possible loss of data
C:\Users\ishan\source\repos\FluidSim2D\FluidSim2D\ParticlePhysics.cpp(258,56): warning C4244:         with
C:\Users\ishan\source\repos\FluidSim2D\FluidSim2D\ParticlePhysics.cpp(258,56): warning C4244:         [
C:\Users\ishan\source\repos\FluidSim2D\FluidSim2D\ParticlePhysics.cpp(258,56): warning C4244:             T=float
C:\Users\ishan\source\repos\FluidSim2D\FluidSim2D\ParticlePhysics.cpp(258,56): warning C4244:         ]
C:\Users\ishan\source\repos\FluidSim2D\FluidSim2D\ParticlePhysics.cpp(258,67): warning C4244: 'argument': conversion from 'T' to 'const unsigned __int64', possible loss of data
C:\Users\ishan\source\repos\FluidSim2D\FluidSim2D\ParticlePhysics.cpp(258,67): warning C4244:         with
C:\Users\ishan\source\repos\FluidSim2D\FluidSim2D\ParticlePhysics.cpp(258,67): warning C4244:         [
C:\Users\ishan\source\repos\FluidSim2D\FluidSim2D\ParticlePhysics.cpp(258,67): warning C4244:             T=float
C:\Users\ishan\source\repos\FluidSim2D\FluidSim2D\ParticlePhysics.cpp(258,67): warning C4244:         ]
C:\Users\ishan\source\repos\FluidSim2D\FluidSim2D\ParticlePhysics.cpp(270,60): warning C4244: 'argument': conversion from 'T' to 'int', possible loss of data
C:\Users\ishan\source\repos\FluidSim2D\FluidSim2D\ParticlePhysics.cpp(270,60): warning C4244:         with
C:\Users\ishan\source\repos\FluidSim2D\FluidSim2D\ParticlePhysics.cpp(270,60): warning C4244:         [
C:\Users\ishan\source\repos\FluidSim2D\FluidSim2D\ParticlePhysics.cpp(270,60): warning C4244:             T=float
C:\Users\ishan\source\repos\FluidSim2D\FluidSim2D\ParticlePhysics.cpp(270,60): warning C4244:         ]
C:\Users\ishan\source\repos\FluidSim2D\FluidSim2D\ParticlePhysics.cpp(270,38): warning C4244: 'argument': conversion from 'T' to 'int', possible loss of data
C:\Users\ishan\source\repos\FluidSim2D\FluidSim2D\ParticlePhysics.cpp(270,38): warning C4244:         with
C:\Users\ishan\source\repos\FluidSim2D\FluidSim2D\ParticlePhysics.cpp(270,38): warning C4244:         [
C:\Users\ishan\source\repos\FluidSim2D\FluidSim2D\ParticlePhysics.cpp(270,38): warning C4244:             T=float
C:\Users\ishan\source\repos\FluidSim2D\FluidSim2D\ParticlePhysics.cpp(270,38): warning C4244:         ]
C:\Users\ishan\source\repos\FluidSim2D\FluidSim2D\ParticlePhysics.cpp(288,56): warning C4244: 'argument': conversion from 'T' to 'const unsigned __int64', possible loss of data
C:\Users\ishan\source\repos\FluidSim2D\FluidSim2D\ParticlePhysics.cpp(288,56): warning C4244:         with
C:\Users\ishan\source\repos\FluidSim2D\FluidSim2D\ParticlePhysics.cpp(288,56): warning C4244:         [
C:\Users\ishan\source\repos\FluidSim2D\FluidSim2D\ParticlePhysics.cpp(288,56): warning C4244:             T=float
C:\Users\ishan\source\repos\FluidSim2D\FluidSim2D\ParticlePhysics.cpp(288,56): warning C4244:         ]
C:\Users\ishan\source\repos\FluidSim2D\FluidSim2D\ParticlePhysics.cpp(288,67): warning C4244: 'argument': conversion from 'T' to 'const unsigned __int64', possible loss of data
C:\Users\ishan\source\repos\FluidSim2D\FluidSim2D\ParticlePhysics.cpp(288,67): warning C4244:         with
C:\Users\ishan\source\repos\FluidSim2D\FluidSim2D\ParticlePhysics.cpp(288,67): warning C4244:         [
C:\Users\ishan\source\repos\FluidSim2D\FluidSim2D\ParticlePhysics.cpp(288,67): warning C4244:             T=float
C:\Users\ishan\source\repos\FluidSim2D\FluidSim2D\ParticlePhysics.cpp(288,67): warning C4244:         ]
C:\Users\ishan\source\repos\FluidSim2D\FluidSim2D\ParticlePhysics.cpp(308,60): warning C4244: 'argument': conversion from 'T' to 'int', possible loss of data
C:\Users\ishan\source\repos\FluidSim2D\FluidSim2D\ParticlePhysics.cpp(308,60): warning C4244:         with
C:\Users\ishan\source\repos\FluidSim2D\FluidSim2D\ParticlePhysics.cpp(308,60): warning C4244:         [
C:\Users\ishan\source\repos\FluidSim2D\FluidSim2D\ParticlePhysics.cpp(308,60): warning C4244:             T=float
C:\Users\ishan\source\repos\FluidSim2D\FluidSim2D\ParticlePhysics.cpp(308,60): warning C4244:         ]
C:\Users\ishan\source\repos\FluidSim2D\FluidSim2D\ParticlePhysics.cpp(308,38): warning C4244: 'argument': conversion from 'T' to 'int', possible loss of data
C:\Users\ishan\source\repos\FluidSim2D\FluidSim2D\ParticlePhysics.cpp(308,38): warning C4244:         with
C:\Users\ishan\source\repos\FluidSim2D\FluidSim2D\ParticlePhysics.cpp(308,38): warning C4244:         [
C:\Users\ishan\source\repos\FluidSim2D\FluidSim2D\ParticlePhysics.cpp(308,38): warning C4244:             T=float
C:\Users\ishan\source\repos\FluidSim2D\FluidSim2D\ParticlePhysics.cpp(308,38): warning C4244:         ]
C:\Users\ishan\source\repos\FluidSim2D\FluidSim2D\ParticlePhysics.cpp(345,44): warning C4244: 'argument': conversion from '__int64' to 'int', possible loss of data
C:\Users\ishan\source\repos\FluidSim2D\FluidSim2D\ParticlePhysics.cpp(368,19): warning C4244: 'initializing': conversion from '__int64' to 'int', possible loss of data
C:\Users\ishan\source\repos\FluidSim2D\FluidSim2D\ParticlePhysics.cpp(427,45): warning C4244: 'argument': conversion from 'int' to 'T', possible loss of data
C:\Users\ishan\source\repos\FluidSim2D\FluidSim2D\ParticlePhysics.cpp(427,45): warning C4244:         with
C:\Users\ishan\source\repos\FluidSim2D\FluidSim2D\ParticlePhysics.cpp(427,45): warning C4244:         [
C:\Users\ishan\source\repos\FluidSim2D\FluidSim2D\ParticlePhysics.cpp(427,45): warning C4244:             T=float
C:\Users\ishan\source\repos\FluidSim2D\FluidSim2D\ParticlePhysics.cpp(427,45): warning C4244:         ]
C:\Users\ishan\source\repos\FluidSim2D\FluidSim2D\ParticlePhysics.cpp(427,38): warning C4244: 'argument': conversion from 'int' to 'T', possible loss of data
C:\Users\ishan\source\repos\FluidSim2D\FluidSim2D\ParticlePhysics.cpp(427,38): warning C4244:         with
C:\Users\ishan\source\repos\FluidSim2D\FluidSim2D\ParticlePhysics.cpp(427,38): warning C4244:         [
C:\Users\ishan\source\repos\FluidSim2D\FluidSim2D\ParticlePhysics.cpp(427,38): warning C4244:             T=float
C:\Users\ishan\source\repos\FluidSim2D\FluidSim2D\ParticlePhysics.cpp(427,38): warning C4244:         ]
C:\Users\ishan\source\repos\FluidSim2D\FluidSim2D\ParticlePhysics.cpp(436,27): warning C4244: 'initializing': conversion from 'T' to 'int', possible loss of data
C:\Users\ishan\source\repos\FluidSim2D\FluidSim2D\ParticlePhysics.cpp(436,27): warning C4244:         with
C:\Users\ishan\source\repos\FluidSim2D\FluidSim2D\ParticlePhysics.cpp(436,27): warning C4244:         [
C:\Users\ishan\source\repos\FluidSim2D\FluidSim2D\ParticlePhysics.cpp(436,27): warning C4244:             T=float
C:\Users\ishan\source\repos\FluidSim2D\FluidSim2D\ParticlePhysics.cpp(436,27): warning C4244:         ]
C:\Users\ishan\source\repos\FluidSim2D\FluidSim2D\ParticlePhysics.cpp(437,27): warning C4244: 'initializing': conversion from 'T' to 'int', possible loss of data
C:\Users\ishan\source\repos\FluidSim2D\FluidSim2D\ParticlePhysics.cpp(437,27): warning C4244:         with
C:\Users\ishan\source\repos\FluidSim2D\FluidSim2D\ParticlePhysics.cpp(437,27): warning C4244:         [
C:\Users\ishan\source\repos\FluidSim2D\FluidSim2D\ParticlePhysics.cpp(437,27): warning C4244:             T=float
C:\Users\ishan\source\repos\FluidSim2D\FluidSim2D\ParticlePhysics.cpp(437,27): warning C4244:         ]
C:\Users\ishan\source\repos\FluidSim2D\FluidSim2D\ParticlePhysics.cpp(439,49): warning C4244: 'argument': conversion from 'int' to 'T', possible loss of data
C:\Users\ishan\source\repos\FluidSim2D\FluidSim2D\ParticlePhysics.cpp(439,49): warning C4244:         with
C:\Users\ishan\source\repos\FluidSim2D\FluidSim2D\ParticlePhysics.cpp(439,49): warning C4244:         [
C:\Users\ishan\source\repos\FluidSim2D\FluidSim2D\ParticlePhysics.cpp(439,49): warning C4244:             T=float
C:\Users\ishan\source\repos\FluidSim2D\FluidSim2D\ParticlePhysics.cpp(439,49): warning C4244:         ]
C:\Users\ishan\source\repos\FluidSim2D\FluidSim2D\ParticlePhysics.cpp(439,42): warning C4244: 'argument': conversion from 'int' to 'T', possible loss of data
C:\Users\ishan\source\repos\FluidSim2D\FluidSim2D\ParticlePhysics.cpp(439,42): warning C4244:         with
C:\Users\ishan\source\repos\FluidSim2D\FluidSim2D\ParticlePhysics.cpp(439,42): warning C4244:         [
C:\Users\ishan\source\repos\FluidSim2D\FluidSim2D\ParticlePhysics.cpp(439,42): warning C4244:             T=float
C:\Users\ishan\source\repos\FluidSim2D\FluidSim2D\ParticlePhysics.cpp(439,42): warning C4244:         ]
  FluidSim2D.vcxproj -> C:\Users\ishan\source\repos\FluidSim2D\x64\Debug\FluidSim2D.exe
