c:\users\c3002856\source\repos\fluidsim2d\fluidsim2d\x64\debug\vc143.pdb
c:\users\c3002856\source\repos\fluidsim2d\fluidsim2d\x64\debug\vc143.idb
c:\users\c3002856\source\repos\fluidsim2d\fluidsim2d\x64\debug\timer.obj
c:\users\c3002856\source\repos\fluidsim2d\fluidsim2d\x64\debug\simwindow.obj
c:\users\c3002856\source\repos\fluidsim2d\fluidsim2d\x64\debug\particlephysics.obj
c:\users\c3002856\source\repos\fluidsim2d\fluidsim2d\x64\debug\particle.obj
c:\users\c3002856\source\repos\fluidsim2d\fluidsim2d\x64\debug\main.obj
c:\users\c3002856\source\repos\fluidsim2d\fluidsim2d\x64\debug\fluidsim2d.ilk
c:\users\c3002856\source\repos\fluidsim2d\x64\debug\fluidsim2d.pdb
c:\users\c3002856\source\repos\fluidsim2d\fluidsim2d\x64\debug\fluidsim2d.tlog\cl.command.1.tlog
c:\users\c3002856\source\repos\fluidsim2d\fluidsim2d\x64\debug\fluidsim2d.tlog\cl.items.tlog
c:\users\c3002856\source\repos\fluidsim2d\fluidsim2d\x64\debug\fluidsim2d.tlog\cl.read.1.tlog
c:\users\c3002856\source\repos\fluidsim2d\fluidsim2d\x64\debug\fluidsim2d.tlog\cl.write.1.tlog
c:\users\c3002856\source\repos\fluidsim2d\fluidsim2d\x64\debug\fluidsim2d.tlog\link.20360-cvtres.read.1.tlog
c:\users\c3002856\source\repos\fluidsim2d\fluidsim2d\x64\debug\fluidsim2d.tlog\link.20360-cvtres.write.1.tlog
c:\users\c3002856\source\repos\fluidsim2d\fluidsim2d\x64\debug\fluidsim2d.tlog\link.20360-rc.read.1.tlog
c:\users\c3002856\source\repos\fluidsim2d\fluidsim2d\x64\debug\fluidsim2d.tlog\link.20360-rc.write.1.tlog
c:\users\c3002856\source\repos\fluidsim2d\fluidsim2d\x64\debug\fluidsim2d.tlog\link.20360.read.1.tlog
c:\users\c3002856\source\repos\fluidsim2d\fluidsim2d\x64\debug\fluidsim2d.tlog\link.20360.read.2.tlog
c:\users\c3002856\source\repos\fluidsim2d\fluidsim2d\x64\debug\fluidsim2d.tlog\link.20360.write.1.tlog
c:\users\c3002856\source\repos\fluidsim2d\fluidsim2d\x64\debug\fluidsim2d.tlog\link.command.1.tlog
c:\users\c3002856\source\repos\fluidsim2d\fluidsim2d\x64\debug\fluidsim2d.tlog\link.read.1.tlog
c:\users\c3002856\source\repos\fluidsim2d\fluidsim2d\x64\debug\fluidsim2d.tlog\link.secondary.1.tlog
c:\users\c3002856\source\repos\fluidsim2d\fluidsim2d\x64\debug\fluidsim2d.tlog\link.write.1.tlog
